<?xml version="1.0" encoding="UTF-8"?>
<!-- Generated by org.testng.reporters.JUnitXMLReporter -->
<testsuite ignored="0" hostname="DESKTOP-C8HH1CV" failures="1" tests="1" name="Basic Tests" time="4.879" errors="0" timestamp="2025-05-05T12:59:53 IST">
  <testcase classname="com.examples.tests.StockInfoTest" name="verifyTitle" time="1.783">
    <failure type="java.lang.AssertionError" message="Title should match. expected [NSE - National Stock Exchange of India Ltd] but found [NSE - National Stock Exchange of India Ltd: Live Share/Stock Market News &amp;amp; Updates, Quotes- Nseindia.com]">
      <![CDATA[java.lang.AssertionError: Title should match. expected [NSE - National Stock Exchange of India Ltd] but found [NSE - National Stock Exchange of India Ltd: Live Share/Stock Market News &amp; Updates, Quotes- Nseindia.com]
at com.examples.tests.StockInfoTest.verifyTitle(StockInfoTest.java:39)
at java.base/java.util.ArrayList.forEach(ArrayList.java:1596)
... Removed 34 stack frames]]>
    </failure>
  </testcase> <!-- verifyTitle -->
</testsuite> <!-- Basic Tests -->
