<?xml version="1.0" encoding="UTF-8"?>
<testng-results ignored="0" total="2" passed="2" failed="0" skipped="0">
  <reporter-output>
  </reporter-output>
  <suite started-at="2025-05-10T14:12:40 IST" name="Multi-Browser Test Suite" finished-at="2025-05-10T14:13:00 IST" duration-ms="20243">
    <groups>
    </groups>
    <test started-at="2025-05-10T14:12:40 IST" name="Chrome Test" finished-at="2025-05-10T14:12:56 IST" duration-ms="15975">
      <class name="com.examples.tests.StockInfoTest">
        <test-method is-config="true" signature="setUp(java.lang.String,org.testng.ITestContext)[pri:0, instance:com.examples.tests.StockInfoTest@78f5c518]" started-at="2025-05-10T14:12:40 IST" name="setUp" finished-at="2025-05-10T14:12:44 IST" duration-ms="3371" status="PASS">
          <params>
            <param index="0">
              <value>
                <![CDATA[chrome]]>
              </value>
            </param>
            <param index="1">
              <value>
                <![CDATA[org.testng.TestRunner@1ef5f917]]>
              </value>
            </param>
          </params>
          <reporter-output>
          </reporter-output>
        </test-method> <!-- setUp -->
        <test-method is-config="true" signature="beforeMethod(org.testng.ITestContext)[pri:0, instance:com.examples.tests.StockInfoTest@78f5c518]" started-at="2025-05-10T14:12:44 IST" name="beforeMethod" finished-at="2025-05-10T14:12:44 IST" duration-ms="2" status="PASS">
          <params>
            <param index="0">
              <value>
                <![CDATA[org.testng.TestRunner@1ef5f917]]>
              </value>
            </param>
          </params>
          <reporter-output>
          </reporter-output>
        </test-method> <!-- beforeMethod -->
        <test-method signature="verifyTitle(org.testng.ITestContext)[pri:0, instance:com.examples.tests.StockInfoTest@78f5c518]" started-at="2025-05-10T14:12:44 IST" name="verifyTitle" finished-at="2025-05-10T14:12:56 IST" duration-ms="12294" status="PASS">
          <params>
            <param index="0">
              <value>
                <![CDATA[org.testng.TestRunner@1ef5f917]]>
              </value>
            </param>
          </params>
          <reporter-output>
          </reporter-output>
        </test-method> <!-- verifyTitle -->
      </class> <!-- com.examples.tests.StockInfoTest -->
    </test> <!-- Chrome Test -->
    <test started-at="2025-05-10T14:12:40 IST" name="Edge Test" finished-at="2025-05-10T14:13:00 IST" duration-ms="20243">
      <class name="com.examples.tests.StockInfoTest">
        <test-method is-config="true" signature="setUp(java.lang.String,org.testng.ITestContext)[pri:0, instance:com.examples.tests.StockInfoTest@4218500f]" started-at="2025-05-10T14:12:40 IST" name="setUp" finished-at="2025-05-10T14:12:47 IST" duration-ms="7188" status="PASS">
          <params>
            <param index="0">
              <value>
                <![CDATA[edge]]>
              </value>
            </param>
            <param index="1">
              <value>
                <![CDATA[org.testng.TestRunner@21f5b5eb]]>
              </value>
            </param>
          </params>
          <reporter-output>
          </reporter-output>
        </test-method> <!-- setUp -->
        <test-method is-config="true" signature="beforeMethod(org.testng.ITestContext)[pri:0, instance:com.examples.tests.StockInfoTest@4218500f]" started-at="2025-05-10T14:12:47 IST" name="beforeMethod" finished-at="2025-05-10T14:12:47 IST" duration-ms="1" status="PASS">
          <params>
            <param index="0">
              <value>
                <![CDATA[org.testng.TestRunner@21f5b5eb]]>
              </value>
            </param>
          </params>
          <reporter-output>
          </reporter-output>
        </test-method> <!-- beforeMethod -->
        <test-method signature="verifyTitle(org.testng.ITestContext)[pri:0, instance:com.examples.tests.StockInfoTest@4218500f]" started-at="2025-05-10T14:12:47 IST" name="verifyTitle" finished-at="2025-05-10T14:13:00 IST" duration-ms="12774" status="PASS">
          <params>
            <param index="0">
              <value>
                <![CDATA[org.testng.TestRunner@21f5b5eb]]>
              </value>
            </param>
          </params>
          <reporter-output>
          </reporter-output>
        </test-method> <!-- verifyTitle -->
      </class> <!-- com.examples.tests.StockInfoTest -->
    </test> <!-- Edge Test -->
  </suite> <!-- Multi-Browser Test Suite -->
</testng-results>
